<?xml version="1.0" encoding="UTF-8"?>
<testng-results skipped="0" failed="1" ignored="0" total="5" passed="4">
  <reporter-output>
  </reporter-output>
  <suite name="Suite" duration-ms="80166" started-at="2022-06-22T21:37:10Z" finished-at="2022-06-22T21:38:30Z">
    <groups>
    </groups>
    <test name="test.AddToCartTest" duration-ms="80166" started-at="2022-06-22T21:37:10Z" finished-at="2022-06-22T21:38:30Z">
      <class name="test.AddToCartTest">
        <test-method status="PASS" signature="profileSetUp()[pri:0, instance:test.AddToCartTest@613cef42]" name="profileSetUp" is-config="true" duration-ms="631" started-at="2022-06-22T21:37:10Z" finished-at="2022-06-22T21:37:11Z">
          <reporter-output>
          </reporter-output>
        </test-method> <!-- profileSetUp -->
        <test-method status="PASS" signature="testsSetUp()[pri:0, instance:test.AddToCartTest@613cef42]" name="testsSetUp" is-config="true" duration-ms="8331" started-at="2022-06-22T21:37:11Z" finished-at="2022-06-22T21:37:19Z">
          <reporter-output>
          </reporter-output>
        </test-method> <!-- testsSetUp -->
        <test-method status="PASS" signature="verifyThatCartContainsBillThatIsLessThanSpecifiedSum(java.lang.String, java.lang.String, int)[pri:0, instance:test.AddToCartTest@613cef42]" name="verifyThatCartContainsBillThatIsLessThanSpecifiedSum" duration-ms="17292" started-at="2022-06-22T21:37:19Z" data-provider="useFilterData" finished-at="2022-06-22T21:37:37Z">
          <params>
            <param index="0">
              <value>
                <![CDATA[Notebook]]>
              </value>
            </param>
            <param index="1">
              <value>
                <![CDATA[ASUS]]>
              </value>
            </param>
            <param index="2">
              <value>
                <![CDATA[50000]]>
              </value>
            </param>
          </params>
          <reporter-output>
          </reporter-output>
        </test-method> <!-- verifyThatCartContainsBillThatIsLessThanSpecifiedSum -->
        <test-method status="PASS" signature="tearDown()[pri:0, instance:test.AddToCartTest@613cef42]" name="tearDown" is-config="true" duration-ms="1484" started-at="2022-06-22T21:37:37Z" finished-at="2022-06-22T21:37:38Z">
          <reporter-output>
          </reporter-output>
        </test-method> <!-- tearDown -->
        <test-method status="PASS" signature="testsSetUp()[pri:0, instance:test.AddToCartTest@613cef42]" name="testsSetUp" is-config="true" duration-ms="3213" started-at="2022-06-22T21:37:38Z" finished-at="2022-06-22T21:37:41Z">
          <reporter-output>
          </reporter-output>
        </test-method> <!-- testsSetUp -->
        <test-method status="PASS" signature="verifyThatCartContainsBillThatIsLessThanSpecifiedSum(java.lang.String, java.lang.String, int)[pri:0, instance:test.AddToCartTest@613cef42]" name="verifyThatCartContainsBillThatIsLessThanSpecifiedSum" duration-ms="8587" started-at="2022-06-22T21:37:41Z" data-provider="useFilterData" finished-at="2022-06-22T21:37:50Z">
          <params>
            <param index="0">
              <value>
                <![CDATA[IPad]]>
              </value>
            </param>
            <param index="1">
              <value>
                <![CDATA[Apple]]>
              </value>
            </param>
            <param index="2">
              <value>
                <![CDATA[45000]]>
              </value>
            </param>
          </params>
          <reporter-output>
          </reporter-output>
        </test-method> <!-- verifyThatCartContainsBillThatIsLessThanSpecifiedSum -->
        <test-method status="PASS" signature="tearDown()[pri:0, instance:test.AddToCartTest@613cef42]" name="tearDown" is-config="true" duration-ms="842" started-at="2022-06-22T21:37:50Z" finished-at="2022-06-22T21:37:51Z">
          <reporter-output>
          </reporter-output>
        </test-method> <!-- tearDown -->
        <test-method status="PASS" signature="testsSetUp()[pri:0, instance:test.AddToCartTest@613cef42]" name="testsSetUp" is-config="true" duration-ms="3326" started-at="2022-06-22T21:37:51Z" finished-at="2022-06-22T21:37:54Z">
          <reporter-output>
          </reporter-output>
        </test-method> <!-- testsSetUp -->
        <test-method status="PASS" signature="verifyThatCartContainsBillThatIsLessThanSpecifiedSum(java.lang.String, java.lang.String, int)[pri:0, instance:test.AddToCartTest@613cef42]" name="verifyThatCartContainsBillThatIsLessThanSpecifiedSum" duration-ms="8931" started-at="2022-06-22T21:37:54Z" data-provider="useFilterData" finished-at="2022-06-22T21:38:03Z">
          <params>
            <param index="0">
              <value>
                <![CDATA[Холодильник]]>
              </value>
            </param>
            <param index="1">
              <value>
                <![CDATA[ATLANT]]>
              </value>
            </param>
            <param index="2">
              <value>
                <![CDATA[40000]]>
              </value>
            </param>
          </params>
          <reporter-output>
          </reporter-output>
        </test-method> <!-- verifyThatCartContainsBillThatIsLessThanSpecifiedSum -->
        <test-method status="PASS" signature="tearDown()[pri:0, instance:test.AddToCartTest@613cef42]" name="tearDown" is-config="true" duration-ms="834" started-at="2022-06-22T21:38:03Z" finished-at="2022-06-22T21:38:04Z">
          <reporter-output>
          </reporter-output>
        </test-method> <!-- tearDown -->
        <test-method status="PASS" signature="testsSetUp()[pri:0, instance:test.AddToCartTest@613cef42]" name="testsSetUp" is-config="true" duration-ms="3825" started-at="2022-06-22T21:38:04Z" finished-at="2022-06-22T21:38:08Z">
          <reporter-output>
          </reporter-output>
        </test-method> <!-- testsSetUp -->
        <test-method status="PASS" signature="verifyThatCartContainsBillThatIsLessThanSpecifiedSum(java.lang.String, java.lang.String, int)[pri:0, instance:test.AddToCartTest@613cef42]" name="verifyThatCartContainsBillThatIsLessThanSpecifiedSum" duration-ms="8692" started-at="2022-06-22T21:38:08Z" data-provider="useFilterData" finished-at="2022-06-22T21:38:16Z">
          <params>
            <param index="0">
              <value>
                <![CDATA[Драбина]]>
              </value>
            </param>
            <param index="1">
              <value>
                <![CDATA[Drabest]]>
              </value>
            </param>
            <param index="2">
              <value>
                <![CDATA[20000]]>
              </value>
            </param>
          </params>
          <reporter-output>
          </reporter-output>
        </test-method> <!-- verifyThatCartContainsBillThatIsLessThanSpecifiedSum -->
        <test-method status="PASS" signature="tearDown()[pri:0, instance:test.AddToCartTest@613cef42]" name="tearDown" is-config="true" duration-ms="853" started-at="2022-06-22T21:38:16Z" finished-at="2022-06-22T21:38:17Z">
          <reporter-output>
          </reporter-output>
        </test-method> <!-- tearDown -->
        <test-method status="PASS" signature="testsSetUp()[pri:0, instance:test.AddToCartTest@613cef42]" name="testsSetUp" is-config="true" duration-ms="3134" started-at="2022-06-22T21:38:17Z" finished-at="2022-06-22T21:38:20Z">
          <reporter-output>
          </reporter-output>
        </test-method> <!-- testsSetUp -->
        <test-method status="FAIL" signature="verifyThatCartContainsBillThatIsLessThanSpecifiedSum(java.lang.String, java.lang.String, int)[pri:0, instance:test.AddToCartTest@613cef42]" name="verifyThatCartContainsBillThatIsLessThanSpecifiedSum" duration-ms="8982" started-at="2022-06-22T21:38:20Z" data-provider="useFilterData" finished-at="2022-06-22T21:38:29Z">
          <params>
            <param index="0">
              <value>
                <![CDATA[Телевізор]]>
              </value>
            </param>
            <param index="1">
              <value>
                <![CDATA[LG]]>
              </value>
            </param>
            <param index="2">
              <value>
                <![CDATA[1000]]>
              </value>
            </param>
          </params>
          <exception class="java.lang.AssertionError">
            <message>
              <![CDATA[expected [true] but found [false]]]>
            </message>
            <full-stacktrace>
              <![CDATA[java.lang.AssertionError: expected [true] but found [false]
at org.testng.Assert.fail(Assert.java:96)
at org.testng.Assert.failNotEquals(Assert.java:776)
at org.testng.Assert.assertTrue(Assert.java:44)
at org.testng.Assert.assertTrue(Assert.java:54)
at test.AddToCartTest.verifyThatCartContainsBillThatIsLessThanSpecifiedSum(AddToCartTest.java:30)
at sun.reflect.NativeMethodAccessorImpl.invoke0(Native Method)
at sun.reflect.NativeMethodAccessorImpl.invoke(NativeMethodAccessorImpl.java:62)
at sun.reflect.DelegatingMethodAccessorImpl.invoke(DelegatingMethodAccessorImpl.java:43)
at java.lang.reflect.Method.invoke(Method.java:498)
at org.testng.internal.MethodInvocationHelper.invokeMethod(MethodInvocationHelper.java:124)
at org.testng.internal.Invoker.invokeMethod(Invoker.java:583)
at org.testng.internal.Invoker.invokeTestMethod(Invoker.java:719)
at org.testng.internal.Invoker.invokeTestMethods(Invoker.java:989)
at org.testng.internal.TestMethodWorker.invokeTestMethods(TestMethodWorker.java:125)
at org.testng.internal.TestMethodWorker.run(TestMethodWorker.java:109)
at org.testng.TestRunner.privateRun(TestRunner.java:648)
at org.testng.TestRunner.run(TestRunner.java:505)
at org.testng.SuiteRunner.runTest(SuiteRunner.java:455)
at org.testng.SuiteRunner.access$000(SuiteRunner.java:40)
at org.testng.SuiteRunner$SuiteWorker.run(SuiteRunner.java:489)
at org.testng.internal.thread.ThreadUtil$1.call(ThreadUtil.java:52)
at java.util.concurrent.FutureTask.run(FutureTask.java:266)
at java.util.concurrent.ThreadPoolExecutor.runWorker(ThreadPoolExecutor.java:1149)
at java.util.concurrent.ThreadPoolExecutor$Worker.run(ThreadPoolExecutor.java:624)
at java.lang.Thread.run(Thread.java:750)
]]>
            </full-stacktrace>
          </exception> <!-- java.lang.AssertionError -->
          <reporter-output>
          </reporter-output>
        </test-method> <!-- verifyThatCartContainsBillThatIsLessThanSpecifiedSum -->
        <test-method status="PASS" signature="tearDown()[pri:0, instance:test.AddToCartTest@613cef42]" name="tearDown" is-config="true" duration-ms="907" started-at="2022-06-22T21:38:29Z" finished-at="2022-06-22T21:38:30Z">
          <reporter-output>
          </reporter-output>
        </test-method> <!-- tearDown -->
      </class> <!-- test.AddToCartTest -->
    </test> <!-- test.AddToCartTest -->
  </suite> <!-- Suite -->
</testng-results>
